2023-09-01 15:34:07,341 [main] INFO c.n.m.Customer [Customer.java:46] - in customer : pickFoods foodStand -> com.nhnacademy.mart.FoodStand@45b4c3a9
2023-09-01 15:34:07,347 [main] INFO c.n.m.Customer [Customer.java:47] - in customer : pickFoods basket -> com.nhnacademy.mart.Basket@6ab778a
2023-09-01 15:34:07,348 [main] INFO c.n.m.Customer [Customer.java:55] - in customer : payTox counter has 0
2023-09-01 15:34:07,348 [main] INFO c.n.m.Counter [Counter.java:22] - in counter : price is 6500
2023-09-01 15:38:41,158 [main] INFO c.n.m.Customer [Customer.java:48] - in customer : pickFoods foodStand -> com.nhnacademy.mart.FoodStand@45b4c3a9
2023-09-01 15:38:41,165 [main] INFO c.n.m.Customer [Customer.java:49] - in customer : pickFoods basket -> com.nhnacademy.mart.Basket@6ab778a
2023-09-01 15:38:41,166 [main] INFO c.n.m.Customer [Customer.java:57] - in customer : payTox counter has 0
2023-09-01 15:38:41,166 [main] INFO c.n.m.Counter [Counter.java:22] - in counter : price is 14000
2023-09-01 16:14:38,178 [main] INFO c.n.m.Customer [Customer.java:38] - has : 양파
2023-09-01 16:14:38,197 [main] INFO c.n.m.Customer [Customer.java:38] - has : 계란
2023-09-01 16:14:38,199 [main] INFO c.n.m.Customer [Customer.java:38] - has : 파
2023-09-01 16:14:38,200 [main] INFO c.n.m.Counter [Counter.java:22] - in counter : price is 14000
2023-09-01 16:32:37,154 [main] INFO c.n.m.Customer [Customer.java:39] - has : 양파
2023-09-01 16:32:37,163 [main] INFO c.n.m.Counter [Counter.java:22] - in counter : price is 3000
2023-09-01 16:59:51,372 [main] INFO c.n.m.Customer [Customer.java:39] - has : 양파
2023-09-01 17:02:46,030 [main] INFO c.n.m.Counter [Counter.java:22] - in counter : price is 3000
2023-09-01 17:03:27,296 [main] INFO c.n.m.Customer [Customer.java:39] - has : 양파
2023-09-01 17:03:27,305 [main] INFO c.n.m.Counter [Counter.java:22] - in counter : price is 7000
2023-09-01 17:05:37,687 [main] INFO c.n.m.Customer [Customer.java:39] - has : 양파
2023-09-01 17:10:44,091 [main] INFO c.n.m.Counter [Counter.java:22] - in counter : price is 7000
2023-09-01 17:12:03,735 [main] INFO c.n.m.Customer [Customer.java:39] - has : 양파
2023-09-01 17:13:20,235 [main] INFO c.n.m.Customer [Customer.java:39] - has : 양파
2023-09-01 17:13:20,243 [main] INFO c.n.m.Customer [Customer.java:39] - has : 계란
2023-09-01 17:13:20,243 [main] INFO c.n.m.Customer [Customer.java:39] - has : 파
2023-09-01 17:13:20,244 [main] INFO c.n.m.Customer [Customer.java:39] - has : 사과
2023-09-01 17:13:20,244 [main] INFO c.n.m.Counter [Counter.java:22] - in counter : price is 72000
2023-09-03 23:29:39,574 [main] INFO c.n.m.Counter [Counter.java:32] - in counter : price is 0
